# JRE version: OpenJDK Runtime Environment (8.0_191-b12) (build 1.8.0_191-8u191-b12-2ubuntu0.16.04.1-b12)
# Java VM: OpenJDK 64-Bit Server VM (25.191-b12 mixed mode linux-amd64 compressed oops)
Heap:
 PSYoungGen      total 68608K, used 27363K [0x00000000d7180000, 0x00000000df080000, 0x0000000100000000)
  eden space 63488K, 43% used [0x00000000d7180000,0x00000000d8c38c80,0x00000000daf80000)
  from space 5120K, 0% used [0x00000000db480000,0x00000000db480000,0x00000000db980000)
  to   space 5120K, 0% used [0x00000000daf80000,0x00000000daf80000,0x00000000db480000)
 ParOldGen       total 104448K, used 15100K [0x0000000085400000, 0x000000008ba00000, 0x00000000d7180000)
  object space 104448K, 14% used [0x0000000085400000,0x00000000862bf190,0x000000008ba00000)
 Metaspace       used 22125K, capacity 22944K, committed 23040K, reserved 1069056K
  class space    used 2767K, capacity 2978K, committed 3072K, reserved 1048576K
GC Heap History (10 events):
Event: 1.443 GC heap before
{Heap before GC invocations=2 (full 0):
 PSYoungGen      total 36864K, used 36175K [0x00000000d7180000, 0x00000000db980000, 0x0000000100000000)
  eden space 31744K, 100% used [0x00000000d7180000,0x00000000d9080000,0x00000000d9080000)
  from space 5120K, 86% used [0x00000000d9080000,0x00000000d94d3f10,0x00000000d9580000)
  to   space 5120K, 0% used [0x00000000db480000,0x00000000db480000,0x00000000db980000)
 ParOldGen       total 84992K, used 72K [0x0000000085400000, 0x000000008a700000, 0x00000000d7180000)
  object space 84992K, 0% used [0x0000000085400000,0x0000000085412010,0x000000008a700000)
 Metaspace       used 13501K, capacity 13740K, committed 14080K, reserved 1060864K
  class space    used 1602K, capacity 1675K, committed 1792K, reserved 1048576K
Event: 1.453 GC heap after
Heap after GC invocations=2 (full 0):
 PSYoungGen      total 68608K, used 5101K [0x00000000d7180000, 0x00000000db980000, 0x0000000100000000)
  eden space 63488K, 0% used [0x00000000d7180000,0x00000000d7180000,0x00000000daf80000)
  from space 5120K, 99% used [0x00000000db480000,0x00000000db97b6f0,0x00000000db980000)
  to   space 5120K, 0% used [0x00000000daf80000,0x00000000daf80000,0x00000000db480000)
 ParOldGen       total 84992K, used 1083K [0x0000000085400000, 0x000000008a700000, 0x00000000d7180000)
  object space 84992K, 1% used [0x0000000085400000,0x000000008550ed18,0x000000008a700000)
 Metaspace       used 13501K, capacity 13740K, committed 14080K, reserved 1060864K
  class space    used 1602K, capacity 1675K, committed 1792K, reserved 1048576K
}
Event: 18.305 GC heap before
{Heap before GC invocations=3 (full 0):
 PSYoungGen      total 68608K, used 59352K [0x00000000d7180000, 0x00000000db980000, 0x0000000100000000)
  eden space 63488K, 85% used [0x00000000d7180000,0x00000000da67ab98,0x00000000daf80000)
  from space 5120K, 99% used [0x00000000db480000,0x00000000db97b6f0,0x00000000db980000)
  to   space 5120K, 0% used [0x00000000daf80000,0x00000000daf80000,0x00000000db480000)
 ParOldGen       total 84992K, used 1083K [0x0000000085400000, 0x000000008a700000, 0x00000000d7180000)
  object space 84992K, 1% used [0x0000000085400000,0x000000008550ed18,0x000000008a700000)
 Metaspace       used 20378K, capacity 21146K, committed 21248K, reserved 1067008K
  class space    used 2506K, capacity 2721K, committed 2816K, reserved 1048576K
Event: 18.313 GC heap after
Heap after GC invocations=3 (full 0):
 PSYoungGen      total 68608K, used 5107K [0x00000000d7180000, 0x00000000db980000, 0x0000000100000000)
  eden space 63488K, 0% used [0x00000000d7180000,0x00000000d7180000,0x00000000daf80000)
  from space 5120K, 99% used [0x00000000daf80000,0x00000000db47cf80,0x00000000db480000)
  to   space 5120K, 0% used [0x00000000db480000,0x00000000db480000,0x00000000db980000)
 ParOldGen       total 84992K, used 4853K [0x0000000085400000, 0x000000008a700000, 0x00000000d7180000)
  object space 84992K, 5% used [0x0000000085400000,0x00000000858bd690,0x000000008a700000)
 Metaspace       used 20378K, capacity 21146K, committed 21248K, reserved 1067008K
  class space    used 2506K, capacity 2721K, committed 2816K, reserved 1048576K
}
Event: 18.313 GC heap before
{Heap before GC invocations=4 (full 1):
 PSYoungGen      total 68608K, used 5107K [0x00000000d7180000, 0x00000000db980000, 0x0000000100000000)
  eden space 63488K, 0% used [0x00000000d7180000,0x00000000d7180000,0x00000000daf80000)
  from space 5120K, 99% used [0x00000000daf80000,0x00000000db47cf80,0x00000000db480000)
  to   space 5120K, 0% used [0x00000000db480000,0x00000000db480000,0x00000000db980000)
 ParOldGen       total 84992K, used 4853K [0x0000000085400000, 0x000000008a700000, 0x00000000d7180000)
  object space 84992K, 5% used [0x0000000085400000,0x00000000858bd690,0x000000008a700000)
 Metaspace       used 20378K, capacity 21146K, committed 21248K, reserved 1067008K
  class space    used 2506K, capacity 2721K, committed 2816K, reserved 1048576K
Event: 18.345 GC heap after
Heap after GC invocations=4 (full 1):
 PSYoungGen      total 68608K, used 0K [0x00000000d7180000, 0x00000000db980000, 0x0000000100000000)
  eden space 63488K, 0% used [0x00000000d7180000,0x00000000d7180000,0x00000000daf80000)
  from space 5120K, 0% used [0x00000000daf80000,0x00000000daf80000,0x00000000db480000)
  to   space 5120K, 0% used [0x00000000db480000,0x00000000db480000,0x00000000db980000)
 ParOldGen       total 50688K, used 8757K [0x0000000085400000, 0x0000000088580000, 0x00000000d7180000)
  object space 50688K, 17% used [0x0000000085400000,0x0000000085c8d5d8,0x0000000088580000)
 Metaspace       used 20375K, capacity 21138K, committed 21248K, reserved 1067008K
  class space    used 2504K, capacity 2719K, committed 2816K, reserved 1048576K
}
Event: 18.661 GC heap before
{Heap before GC invocations=5 (full 1):
 PSYoungGen      total 68608K, used 61686K [0x00000000d7180000, 0x00000000db980000, 0x0000000100000000)
  eden space 63488K, 97% used [0x00000000d7180000,0x00000000dadbd8a8,0x00000000daf80000)
  from space 5120K, 0% used [0x00000000daf80000,0x00000000daf80000,0x00000000db480000)
  to   space 5120K, 0% used [0x00000000db480000,0x00000000db480000,0x00000000db980000)
 ParOldGen       total 50688K, used 8757K [0x0000000085400000, 0x0000000088580000, 0x00000000d7180000)
  object space 50688K, 17% used [0x0000000085400000,0x0000000085c8d5d8,0x0000000088580000)
 Metaspace       used 22085K, capacity 22874K, committed 23040K, reserved 1069056K
  class space    used 2765K, capacity 2977K, committed 3072K, reserved 1048576K
Event: 18.670 GC heap after
Heap after GC invocations=5 (full 1):
 PSYoungGen      total 68608K, used 1336K [0x00000000d7180000, 0x00000000df080000, 0x0000000100000000)
  eden space 63488K, 0% used [0x00000000d7180000,0x00000000d7180000,0x00000000daf80000)
  from space 5120K, 26% used [0x00000000db480000,0x00000000db5ce380,0x00000000db980000)
  to   space 5120K, 0% used [0x00000000daf80000,0x00000000daf80000,0x00000000db480000)
 ParOldGen       total 50688K, used 33065K [0x0000000085400000, 0x0000000088580000, 0x00000000d7180000)
  object space 50688K, 65% used [0x0000000085400000,0x000000008744a608,0x0000000088580000)
 Metaspace       used 22085K, capacity 22874K, committed 23040K, reserved 1069056K
  class space    used 2765K, capacity 2977K, committed 3072K, reserved 1048576K
}
Event: 18.670 GC heap before
{Heap before GC invocations=6 (full 2):
 PSYoungGen      total 68608K, used 1336K [0x00000000d7180000, 0x00000000df080000, 0x0000000100000000)
  eden space 63488K, 0% used [0x00000000d7180000,0x00000000d7180000,0x00000000daf80000)
  from space 5120K, 26% used [0x00000000db480000,0x00000000db5ce380,0x00000000db980000)
  to   space 5120K, 0% used [0x00000000daf80000,0x00000000daf80000,0x00000000db480000)
 ParOldGen       total 50688K, used 33065K [0x0000000085400000, 0x0000000088580000, 0x00000000d7180000)
  object space 50688K, 65% used [0x0000000085400000,0x000000008744a608,0x0000000088580000)
 Metaspace       used 22085K, capacity 22874K, committed 23040K, reserved 1069056K
  class space    used 2765K, capacity 2977K, committed 3072K, reserved 1048576K
Event: 18.703 GC heap after
Heap after GC invocations=6 (full 2):
 PSYoungGen      total 68608K, used 0K [0x00000000d7180000, 0x00000000df080000, 0x0000000100000000)
  eden space 63488K, 0% used [0x00000000d7180000,0x00000000d7180000,0x00000000daf80000)
  from space 5120K, 0% used [0x00000000db480000,0x00000000db480000,0x00000000db980000)
  to   space 5120K, 0% used [0x00000000daf80000,0x00000000daf80000,0x00000000db480000)
 ParOldGen       total 104448K, used 15100K [0x0000000085400000, 0x000000008ba00000, 0x00000000d7180000)
  object space 104448K, 14% used [0x0000000085400000,0x00000000862bf190,0x000000008ba00000)
 Metaspace       used 22085K, capacity 22874K, committed 23040K, reserved 1069056K
  class space    used 2765K, capacity 2977K, committed 3072K, reserved 1048576K
}

