<?xml version="1.0" encoding="UTF-8"?>
<!-- Generated by org.testng.reporters.JUnitXMLReporter -->
<testsuite hostname="jagadeesh-HP-EliteBook-840-G2" ignored="0" name="Default test" tests="4" failures="0" timestamp="01 Apr 2019 14:46:58 GMT" time="127.879" errors="0">
  <testcase name="headerCollapseExpand" time="4.766" classname="test_scenarios.GambitTestScenarios"/>
  <testcase name="Player_And_Games_Tabs" time="6.747" classname="test_scenarios.GambitTestScenarios"/>
  <testcase name="scroll_player_tab" time="45.643" classname="test_scenarios.GambitTestScenarios"/>
  <testcase name="search" time="59.991" classname="test_scenarios.GambitTestScenarios"/>
</testsuite> <!-- Default test -->
