<?xml version="1.0" encoding="UTF-8"?>
<!-- Generated by org.testng.reporters.JUnitXMLReporter -->
<testsuite hostname="jagadeesh-HP-EliteBook-840-G2" ignored="0" name="Default test" tests="4" failures="0" timestamp="01 Apr 2019 16:19:30 GMT" time="140.645" errors="0">
  <testcase name="headerCollapseExpand" time="5.914" classname="test_scenarios.GambitTestScenarios"/>
  <testcase name="Player_And_Games_Tabs" time="5.627" classname="test_scenarios.GambitTestScenarios"/>
  <testcase name="scroll_player_tab" time="57.421" classname="test_scenarios.GambitTestScenarios"/>
  <testcase name="search" time="59.941" classname="test_scenarios.GambitTestScenarios"/>
</testsuite> <!-- Default test -->
