<?xml version="1.0" encoding="UTF-8"?>
<testng-results skipped="0" failed="0" ignored="0" total="4" passed="4">
  <reporter-output>
  </reporter-output>
  <suite name="Default suite" duration-ms="131421" started-at="2019-04-01T17:00:14Z" finished-at="2019-04-01T17:02:25Z">
    <groups>
    </groups>
    <test name="Default test" duration-ms="131421" started-at="2019-04-01T17:00:14Z" finished-at="2019-04-01T17:02:25Z">
      <class name="test_scenarios.GambitTestScenarios">
        <test-method status="PASS" signature="setup()[pri:0, instance:test_scenarios.GambitTestScenarios@517cd4b]" name="setup" is-config="true" duration-ms="7357" started-at="2019-04-01T17:00:14Z" finished-at="2019-04-01T17:00:21Z">
          <reporter-output>
          </reporter-output>
        </test-method> <!-- setup -->
        <test-method status="PASS" signature="headerCollapseExpand()[pri:1, instance:test_scenarios.GambitTestScenarios@517cd4b]" name="headerCollapseExpand" duration-ms="9823" started-at="2019-04-01T17:00:21Z" finished-at="2019-04-01T17:00:31Z">
          <reporter-output>
          </reporter-output>
        </test-method> <!-- headerCollapseExpand -->
        <test-method status="PASS" signature="iAmDoneMethod(org.testng.ITestResult)[pri:0, instance:test_scenarios.GambitTestScenarios@517cd4b]" name="iAmDoneMethod" is-config="true" duration-ms="66" started-at="2019-04-01T17:00:31Z" finished-at="2019-04-01T17:00:31Z">
          <params>
            <param index="0">
              <value>
                <![CDATA[[TestResult name=headerCollapseExpand status=SUCCESS method=GambitTestScenarios.headerCollapseExpand()[pri:1, instance:test_scenarios.GambitTestScenarios@517cd4b] output={null}]]]>
              </value>
            </param>
          </params>
          <reporter-output>
          </reporter-output>
        </test-method> <!-- iAmDoneMethod -->
        <test-method status="PASS" signature="Player_And_Games_Tabs()[pri:2, instance:test_scenarios.GambitTestScenarios@517cd4b]" name="Player_And_Games_Tabs" duration-ms="5171" started-at="2019-04-01T17:00:31Z" finished-at="2019-04-01T17:00:36Z">
          <reporter-output>
          </reporter-output>
        </test-method> <!-- Player_And_Games_Tabs -->
        <test-method status="PASS" signature="iAmDoneMethod(org.testng.ITestResult)[pri:0, instance:test_scenarios.GambitTestScenarios@517cd4b]" name="iAmDoneMethod" is-config="true" duration-ms="57" started-at="2019-04-01T17:00:36Z" finished-at="2019-04-01T17:00:36Z">
          <params>
            <param index="0">
              <value>
                <![CDATA[[TestResult name=Player_And_Games_Tabs status=SUCCESS method=GambitTestScenarios.Player_And_Games_Tabs()[pri:2, instance:test_scenarios.GambitTestScenarios@517cd4b] output={null}]]]>
              </value>
            </param>
          </params>
          <reporter-output>
          </reporter-output>
        </test-method> <!-- iAmDoneMethod -->
        <test-method status="PASS" signature="scroll_player_tab()[pri:3, instance:test_scenarios.GambitTestScenarios@517cd4b]" name="scroll_player_tab" duration-ms="45450" started-at="2019-04-01T17:00:36Z" finished-at="2019-04-01T17:01:22Z">
          <reporter-output>
          </reporter-output>
        </test-method> <!-- scroll_player_tab -->
        <test-method status="PASS" signature="iAmDoneMethod(org.testng.ITestResult)[pri:0, instance:test_scenarios.GambitTestScenarios@517cd4b]" name="iAmDoneMethod" is-config="true" duration-ms="35" started-at="2019-04-01T17:01:22Z" finished-at="2019-04-01T17:01:22Z">
          <params>
            <param index="0">
              <value>
                <![CDATA[[TestResult name=scroll_player_tab status=SUCCESS method=GambitTestScenarios.scroll_player_tab()[pri:3, instance:test_scenarios.GambitTestScenarios@517cd4b] output={null}]]]>
              </value>
            </param>
          </params>
          <reporter-output>
          </reporter-output>
        </test-method> <!-- iAmDoneMethod -->
        <test-method status="PASS" signature="search()[pri:4, instance:test_scenarios.GambitTestScenarios@517cd4b]" name="search" duration-ms="60432" started-at="2019-04-01T17:01:22Z" finished-at="2019-04-01T17:02:22Z">
          <reporter-output>
          </reporter-output>
        </test-method> <!-- search -->
        <test-method status="PASS" signature="iAmDoneMethod(org.testng.ITestResult)[pri:0, instance:test_scenarios.GambitTestScenarios@517cd4b]" name="iAmDoneMethod" is-config="true" duration-ms="391" started-at="2019-04-01T17:02:22Z" finished-at="2019-04-01T17:02:23Z">
          <params>
            <param index="0">
              <value>
                <![CDATA[[TestResult name=search status=SUCCESS method=GambitTestScenarios.search()[pri:4, instance:test_scenarios.GambitTestScenarios@517cd4b] output={null}]]]>
              </value>
            </param>
          </params>
          <reporter-output>
          </reporter-output>
        </test-method> <!-- iAmDoneMethod -->
        <test-method status="PASS" signature="iAmDone()[pri:0, instance:test_scenarios.GambitTestScenarios@517cd4b]" name="iAmDone" is-config="true" duration-ms="2591" started-at="2019-04-01T17:02:23Z" finished-at="2019-04-01T17:02:25Z">
          <reporter-output>
          </reporter-output>
        </test-method> <!-- iAmDone -->
      </class> <!-- test_scenarios.GambitTestScenarios -->
    </test> <!-- Default test -->
  </suite> <!-- Default suite -->
</testng-results>
